<?xml version="1.0" encoding="UTF-8"?>
<testng-results skipped="0" failed="0" ignored="0" total="1" passed="1">
  <reporter-output>
  </reporter-output>
  <suite name="TestSuite" duration-ms="20264" started-at="2018-02-07T21:20:22Z" finished-at="2018-02-07T21:20:42Z">
    <groups>
    </groups>
    <test name="Testing" duration-ms="20264" started-at="2018-02-07T21:20:22Z" finished-at="2018-02-07T21:20:42Z">
      <class name="Javalicious.TestConversion">
        <test-method status="PASS" signature="Before()[pri:0, instance:Javalicious.TestConversion@64616ca2]" name="Before" is-config="true" duration-ms="4726" started-at="2018-02-07T16:20:22Z" finished-at="2018-02-07T16:20:26Z">
          <reporter-output>
          </reporter-output>
        </test-method> <!-- Before -->
        <test-method status="PASS" signature="TestCase35()[pri:0, instance:Javalicious.TestConversion@64616ca2]" name="TestCase35" duration-ms="14767" started-at="2018-02-07T16:20:26Z" finished-at="2018-02-07T16:20:41Z">
          <reporter-output>
          </reporter-output>
        </test-method> <!-- TestCase35 -->
        <test-method status="PASS" signature="After()[pri:0, instance:Javalicious.TestConversion@64616ca2]" name="After" is-config="true" duration-ms="755" started-at="2018-02-07T16:20:41Z" finished-at="2018-02-07T16:20:42Z">
          <reporter-output>
          </reporter-output>
        </test-method> <!-- After -->
      </class> <!-- Javalicious.TestConversion -->
    </test> <!-- Testing -->
  </suite> <!-- TestSuite -->
</testng-results>
