<?xml version="1.0" encoding="UTF-8"?>
<testng-results skipped="0" failed="0" ignored="0" total="1" passed="1">
  <reporter-output>
  </reporter-output>
  <suite name="Default suite" duration-ms="12059" started-at="2018-03-31T13:00:13Z" finished-at="2018-03-31T13:00:25Z">
    <groups>
    </groups>
    <test name="Default test" duration-ms="12059" started-at="2018-03-31T13:00:13Z" finished-at="2018-03-31T13:00:25Z">
      <class name="javalicious2.TestCase435">
        <test-method status="PASS" signature="Before()[pri:0, instance:javalicious2.TestCase435@46d56d67]" name="Before" is-config="true" duration-ms="6116" started-at="2018-03-31T09:00:13Z" finished-at="2018-03-31T09:00:19Z">
          <reporter-output>
          </reporter-output>
        </test-method> <!-- Before -->
        <test-method status="PASS" signature="TestCase435()[pri:0, instance:javalicious2.TestCase435@46d56d67]" name="TestCase435" duration-ms="5145" started-at="2018-03-31T09:00:19Z" finished-at="2018-03-31T09:00:24Z">
          <reporter-output>
          </reporter-output>
        </test-method> <!-- TestCase435 -->
        <test-method status="PASS" signature="After()[pri:0, instance:javalicious2.TestCase435@46d56d67]" name="After" is-config="true" duration-ms="754" started-at="2018-03-31T09:00:24Z" finished-at="2018-03-31T09:00:25Z">
          <reporter-output>
          </reporter-output>
        </test-method> <!-- After -->
      </class> <!-- javalicious2.TestCase435 -->
    </test> <!-- Default test -->
  </suite> <!-- Default suite -->
</testng-results>
