<?xml version="1.0" encoding="UTF-8"?>
<testng-results skipped="0" failed="0" ignored="0" total="1" passed="1">
  <reporter-output>
  </reporter-output>
  <suite name="Default suite" duration-ms="13369" started-at="2018-03-30T18:34:24Z" finished-at="2018-03-30T18:34:38Z">
    <groups>
    </groups>
    <test name="Default test" duration-ms="13369" started-at="2018-03-30T18:34:24Z" finished-at="2018-03-30T18:34:38Z">
      <class name="Javalicious.TestConversion">
        <test-method status="PASS" signature="Before()[pri:0, instance:Javalicious.TestConversion@46d56d67]" name="Before" is-config="true" duration-ms="5490" started-at="2018-03-30T14:34:24Z" finished-at="2018-03-30T14:34:30Z">
          <reporter-output>
          </reporter-output>
        </test-method> <!-- Before -->
        <test-method status="PASS" signature="TestCase311()[pri:0, instance:Javalicious.TestConversion@46d56d67]" name="TestCase311" duration-ms="7073" started-at="2018-03-30T14:34:30Z" finished-at="2018-03-30T14:34:37Z">
          <reporter-output>
          </reporter-output>
        </test-method> <!-- TestCase311 -->
        <test-method status="PASS" signature="After()[pri:0, instance:Javalicious.TestConversion@46d56d67]" name="After" is-config="true" duration-ms="769" started-at="2018-03-30T14:34:37Z" finished-at="2018-03-30T14:34:38Z">
          <reporter-output>
          </reporter-output>
        </test-method> <!-- After -->
      </class> <!-- Javalicious.TestConversion -->
    </test> <!-- Default test -->
  </suite> <!-- Default suite -->
</testng-results>
